\BOOKMARK [1][-]{section.1}{\376\377\000W\000a\000v\000e\000s}{}% 1
\BOOKMARK [2][-]{subsection.1.1}{\376\377\000M\000e\000c\000h\000a\000n\000i\000c\000a\000l\000\040\000W\000a\000v\000e\000s}{section.1}% 2
\BOOKMARK [3][-]{subsubsection.1.1.1}{\376\377\000D\000i\000f\000f\000e\000r\000e\000n\000t\000\040\000T\000y\000p\000e\000s\000\040\000o\000f\000\040\000M\000e\000c\000h\000a\000n\000i\000c\000a\000l\000\040\000W\000a\000v\000e\000s}{subsection.1.1}% 3
\BOOKMARK [2][-]{subsection.1.2}{\376\377\000E\000l\000e\000c\000t\000r\000o\000m\000a\000g\000n\000e\000t\000i\000c\000\040\000W\000a\000v\000e\000s}{section.1}% 4
\BOOKMARK [3][-]{subsubsection.1.2.1}{\376\377\000D\000i\000f\000f\000e\000r\000e\000n\000t\000\040\000T\000y\000p\000e\000s\000\040\000o\000f\000\040\000E\000l\000e\000c\000t\000r\000o\000m\000a\000g\000n\000e\000t\000i\000c\000\040\000W\000a\000v\000e\000s}{subsection.1.2}% 5
\BOOKMARK [2][-]{subsection.1.3}{\376\377\000G\000r\000a\000v\000i\000t\000a\000t\000i\000o\000n\000a\000l\000\040\000W\000a\000v\000e\000s}{section.1}% 6
\BOOKMARK [3][-]{subsubsection.1.3.1}{\376\377\000G\000r\000a\000v\000i\000t\000a\000t\000i\000o\000n\000a\000l\000\040\000W\000a\000v\000e\000\040\000V\000i\000s\000u\000a\000l\000i\000z\000a\000t\000i\000o\000n}{subsection.1.3}% 7
\BOOKMARK [2][-]{subsection.1.4}{\376\377\000M\000a\000t\000t\000e\000r\000\040\000W\000a\000v\000e\000s}{section.1}% 8
\BOOKMARK [1][-]{section.2}{\376\377\000L\000i\000g\000h\000t}{}% 9
\BOOKMARK [2][-]{subsection.2.1}{\376\377\000W\000a\000v\000e\000\040\000V\000e\000l\000o\000c\000i\000t\000y}{section.2}% 10
\BOOKMARK [2][-]{subsection.2.2}{\376\377\000C\000o\000m\000p\000o\000n\000e\000n\000t\000s}{section.2}% 11
\BOOKMARK [2][-]{subsection.2.3}{\376\377\000F\000i\000l\000m\000s}{section.2}% 12
\BOOKMARK [2][-]{subsection.2.4}{\376\377\000P\000o\000l\000a\000r\000i\000z\000a\000t\000i\000o\000n}{section.2}% 13
\BOOKMARK [2][-]{subsection.2.5}{\376\377\000G\000r\000a\000v\000i\000t\000a\000t\000i\000o\000n\000a\000l\000\040\000L\000e\000n\000s\000i\000n\000g}{section.2}% 14
\BOOKMARK [3][-]{subsubsection.2.5.1}{\376\377\000G\000r\000a\000v\000i\000t\000a\000t\000i\000o\000n\000a\000l\000\040\000M\000i\000c\000r\000o\000-\000L\000e\000n\000s\000i\000n\000g}{subsection.2.5}% 15
\BOOKMARK [3][-]{subsubsection.2.5.2}{\376\377\000S\000o\000\040\000h\000o\000w\000\040\000d\000o\000e\000s\000\040\000i\000t\000\040\000w\000o\000r\000k\000?}{subsection.2.5}% 16
\BOOKMARK [2][-]{subsection.2.6}{\376\377\000L\000i\000g\000h\000t\000\040\000a\000s\000\040\000a\000\040\000P\000a\000r\000t\000i\000c\000l\000e}{section.2}% 17
\BOOKMARK [1][-]{section.3}{\376\377\000P\000l\000a\000n\000c\000k\000'\000s\000\040\000C\000o\000n\000s\000t\000a\000n\000t}{}% 18
\BOOKMARK [1][-]{section.4}{\376\377\000G\000e\000n\000e\000r\000a\000l\000\040\000R\000e\000l\000a\000t\000i\000v\000i\000t\000y}{}% 19
\BOOKMARK [1][-]{section.5}{\376\377\000N\000e\000u\000t\000r\000o\000n\000\040\000S\000t\000a\000r\000s\000\040\000a\000n\000d\000\040\000P\000u\000l\000s\000a\000r\000s}{}% 20
\BOOKMARK [1][-]{section.6}{\376\377\000B\000l\000a\000c\000k\000\040\000H\000o\000l\000e\000s}{}% 21
\BOOKMARK [1][-]{section.7}{\376\377\000W\000h\000i\000t\000e\000\040\000H\000o\000l\000e\000s}{}% 22
\BOOKMARK [1][-]{section.8}{\376\377\000W\000o\000r\000m\000\040\000H\000o\000l\000e\000s}{}% 23
\BOOKMARK [1][-]{section.9}{\376\377\000W\000o\000r\000d\000\040\000B\000a\000n\000k}{}% 24
\BOOKMARK [2][-]{subsection.9.1}{\376\377\000O\000s\000c\000i\000l\000l\000a\000t\000i\000o\000n}{section.9}% 25
